<?xml version="1.0" encoding="UTF-8"?>
<coverage generated="1581178392125" clover="3.2.0">
  <project timestamp="1581178392125" name="All files">
    <metrics statements="46" coveredstatements="46" conditionals="25" coveredconditionals="23" methods="11" coveredmethods="11" elements="82" coveredelements="80" complexity="0" loc="46" ncloc="46" packages="1" files="3" classes="3"/>
    <file name="buildAst.js" path="/Users/ilya.schutskiy/projects/backend-project-lvl2/src/buildAst.js">
      <metrics statements="14" coveredstatements="14" conditionals="12" coveredconditionals="11" methods="3" coveredmethods="3"/>
      <line num="6" count="48" type="stmt"/>
      <line num="14" count="1" type="stmt"/>
      <line num="15" count="12" type="stmt"/>
      <line num="17" count="12" type="stmt"/>
      <line num="18" count="48" type="cond" truecount="4" falsecount="0"/>
      <line num="19" count="9" type="stmt"/>
      <line num="28" count="39" type="cond" truecount="2" falsecount="0"/>
      <line num="29" count="15" type="stmt"/>
      <line num="38" count="24" type="cond" truecount="2" falsecount="0"/>
      <line num="39" count="6" type="stmt"/>
      <line num="48" count="18" type="cond" truecount="2" falsecount="0"/>
      <line num="49" count="9" type="stmt"/>
      <line num="58" count="9" type="cond" truecount="1" falsecount="1"/>
      <line num="59" count="9" type="stmt"/>
    </file>
    <file name="index.js" path="/Users/ilya.schutskiy/projects/backend-project-lvl2/src/index.js">
      <metrics statements="29" coveredstatements="29" conditionals="13" coveredconditionals="12" methods="7" coveredmethods="7"/>
      <line num="10" count="1" type="stmt"/>
      <line num="11" count="6" type="stmt"/>
      <line num="14" count="1" type="stmt"/>
      <line num="15" count="99" type="stmt"/>
      <line num="17" count="1" type="stmt"/>
      <line num="18" count="48" type="cond" truecount="2" falsecount="0"/>
      <line num="19" count="33" type="stmt"/>
      <line num="21" count="15" type="stmt"/>
      <line num="22" count="15" type="stmt"/>
      <line num="27" count="3" type="stmt"/>
      <line num="28" count="3" type="stmt"/>
      <line num="30" count="3" type="stmt"/>
      <line num="31" count="3" type="stmt"/>
      <line num="33" count="3" type="stmt"/>
      <line num="35" count="3" type="cond" truecount="1" falsecount="0"/>
      <line num="36" count="12" type="stmt"/>
      <line num="43" count="48" type="stmt"/>
      <line num="45" count="48" type="cond" truecount="2" falsecount="0"/>
      <line num="46" count="15" type="stmt"/>
      <line num="49" count="33" type="cond" truecount="2" falsecount="0"/>
      <line num="50" count="9" type="stmt"/>
      <line num="56" count="24" type="cond" truecount="2" falsecount="0"/>
      <line num="57" count="6" type="stmt"/>
      <line num="60" count="18" type="cond" truecount="2" falsecount="0"/>
      <line num="61" count="9" type="stmt"/>
      <line num="64" count="9" type="cond" truecount="1" falsecount="1"/>
      <line num="65" count="9" type="stmt"/>
      <line num="69" count="12" type="stmt"/>
      <line num="71" count="3" type="stmt"/>
    </file>
    <file name="parsers.js" path="/Users/ilya.schutskiy/projects/backend-project-lvl2/src/parsers.js">
      <metrics statements="3" coveredstatements="3" conditionals="0" coveredconditionals="0" methods="1" coveredmethods="1"/>
      <line num="4" count="1" type="stmt"/>
      <line num="5" count="6" type="stmt"/>
      <line num="11" count="6" type="stmt"/>
    </file>
  </project>
</coverage>
