<?xml version="1.0" encoding="UTF-8"?>
<coverage generated="1579626277355" clover="3.2.0">
  <project timestamp="1579626277355" name="All files">
    <metrics statements="17" coveredstatements="17" conditionals="14" coveredconditionals="13" methods="2" coveredmethods="2" elements="33" coveredelements="32" complexity="0" loc="17" ncloc="17" packages="1" files="1" classes="1"/>
    <file name="index.js" path="/Users/ilya.schutskiy/projects/backend-project-lvl2/src/index.js">
      <metrics statements="17" coveredstatements="17" conditionals="14" coveredconditionals="13" methods="2" coveredmethods="2"/>
      <line num="8" count="1" type="stmt"/>
      <line num="9" count="1" type="stmt"/>
      <line num="11" count="1" type="stmt"/>
      <line num="12" count="1" type="stmt"/>
      <line num="14" count="1" type="stmt"/>
      <line num="15" count="1" type="stmt"/>
      <line num="17" count="1" type="stmt"/>
      <line num="19" count="1" type="stmt"/>
      <line num="20" count="5" type="cond" truecount="4" falsecount="0"/>
      <line num="21" count="2" type="cond" truecount="2" falsecount="0"/>
      <line num="22" count="1" type="stmt"/>
      <line num="24" count="1" type="stmt"/>
      <line num="27" count="3" type="cond" truecount="4" falsecount="0"/>
      <line num="28" count="1" type="stmt"/>
      <line num="31" count="2" type="cond" truecount="3" falsecount="1"/>
      <line num="32" count="2" type="stmt"/>
      <line num="35" count="1" type="stmt"/>
    </file>
  </project>
</coverage>
