{"/Users/ilya.schutskiy/projects/backend-project-lvl2/src/buildAst.js": {"path":"/Users/ilya.schutskiy/projects/backend-project-lvl2/src/buildAst.js","statementMap":{"0":{"start":{"line":6,"column":13},"end":{"line":12,"column":2}},"1":{"start":{"line":6,"column":65},"end":{"line":12,"column":1}},"2":{"start":{"line":14,"column":17},"end":{"line":68,"column":1}},"3":{"start":{"line":15,"column":15},"end":{"line":15,"column":60}},"4":{"start":{"line":17,"column":2},"end":{"line":67,"column":5}},"5":{"start":{"line":18,"column":4},"end":{"line":26,"column":5}},"6":{"start":{"line":19,"column":6},"end":{"line":25,"column":8}},"7":{"start":{"line":28,"column":4},"end":{"line":36,"column":5}},"8":{"start":{"line":29,"column":6},"end":{"line":35,"column":8}},"9":{"start":{"line":38,"column":4},"end":{"line":46,"column":5}},"10":{"start":{"line":39,"column":6},"end":{"line":45,"column":8}},"11":{"start":{"line":48,"column":4},"end":{"line":56,"column":5}},"12":{"start":{"line":49,"column":6},"end":{"line":55,"column":8}},"13":{"start":{"line":58,"column":4},"end":{"line":66,"column":5}},"14":{"start":{"line":59,"column":6},"end":{"line":65,"column":8}}},"fnMap":{"0":{"name":"(anonymous_0)","decl":{"start":{"line":6,"column":13},"end":{"line":6,"column":14}},"loc":{"start":{"line":6,"column":65},"end":{"line":12,"column":1}},"line":6},"1":{"name":"(anonymous_1)","decl":{"start":{"line":14,"column":17},"end":{"line":14,"column":18}},"loc":{"start":{"line":14,"column":35},"end":{"line":68,"column":1}},"line":14},"2":{"name":"(anonymous_2)","decl":{"start":{"line":17,"column":18},"end":{"line":17,"column":19}},"loc":{"start":{"line":17,"column":26},"end":{"line":67,"column":3}},"line":17}},"branchMap":{"0":{"loc":{"start":{"line":18,"column":4},"end":{"line":26,"column":5}},"type":"if","locations":[{"start":{"line":18,"column":4},"end":{"line":26,"column":5}},{"start":{"line":18,"column":4},"end":{"line":26,"column":5}}],"line":18},"1":{"loc":{"start":{"line":18,"column":8},"end":{"line":18,"column":66}},"type":"binary-expr","locations":[{"start":{"line":18,"column":8},"end":{"line":18,"column":35}},{"start":{"line":18,"column":39},"end":{"line":18,"column":66}}],"line":18},"2":{"loc":{"start":{"line":28,"column":4},"end":{"line":36,"column":5}},"type":"if","locations":[{"start":{"line":28,"column":4},"end":{"line":36,"column":5}},{"start":{"line":28,"column":4},"end":{"line":36,"column":5}}],"line":28},"3":{"loc":{"start":{"line":38,"column":4},"end":{"line":46,"column":5}},"type":"if","locations":[{"start":{"line":38,"column":4},"end":{"line":46,"column":5}},{"start":{"line":38,"column":4},"end":{"line":46,"column":5}}],"line":38},"4":{"loc":{"start":{"line":48,"column":4},"end":{"line":56,"column":5}},"type":"if","locations":[{"start":{"line":48,"column":4},"end":{"line":56,"column":5}},{"start":{"line":48,"column":4},"end":{"line":56,"column":5}}],"line":48},"5":{"loc":{"start":{"line":58,"column":4},"end":{"line":66,"column":5}},"type":"if","locations":[{"start":{"line":58,"column":4},"end":{"line":66,"column":5}},{"start":{"line":58,"column":4},"end":{"line":66,"column":5}}],"line":58}},"s":{"0":1,"1":48,"2":1,"3":12,"4":12,"5":48,"6":9,"7":39,"8":15,"9":24,"10":6,"11":18,"12":9,"13":9,"14":9},"f":{"0":48,"1":12,"2":48},"b":{"0":[9,39],"1":[48,15],"2":[15,24],"3":[6,18],"4":[9,9],"5":[9,0]},"_coverageSchema":"43e27e138ebf9cfc5966b082cf9a028302ed4184","hash":"59a1bea0ae1bca5601f1d93818eb73d49896ff6a"}
,"/Users/ilya.schutskiy/projects/backend-project-lvl2/src/index.js": {"path":"/Users/ilya.schutskiy/projects/backend-project-lvl2/src/index.js","statementMap":{"0":{"start":{"line":10,"column":17},"end":{"line":12,"column":1}},"1":{"start":{"line":11,"column":2},"end":{"line":11,"column":50}},"2":{"start":{"line":14,"column":18},"end":{"line":14,"column":19}},"3":{"start":{"line":15,"column":18},"end":{"line":15,"column":49}},"4":{"start":{"line":15,"column":29},"end":{"line":15,"column":49}},"5":{"start":{"line":17,"column":18},"end":{"line":24,"column":1}},"6":{"start":{"line":18,"column":2},"end":{"line":20,"column":3}},"7":{"start":{"line":19,"column":4},"end":{"line":19,"column":17}},"8":{"start":{"line":21,"column":2},"end":{"line":23,"column":40}},"9":{"start":{"line":22,"column":18},"end":{"line":22,"column":72}},"10":{"start":{"line":27,"column":22},"end":{"line":27,"column":47}},"11":{"start":{"line":28,"column":22},"end":{"line":28,"column":47}},"12":{"start":{"line":30,"column":16},"end":{"line":30,"column":59}},"13":{"start":{"line":31,"column":16},"end":{"line":31,"column":59}},"14":{"start":{"line":33,"column":14},"end":{"line":33,"column":36}},"15":{"start":{"line":35,"column":17},"end":{"line":70,"column":3}},"16":{"start":{"line":36,"column":19},"end":{"line":67,"column":6}},"17":{"start":{"line":43,"column":10},"end":{"line":43,"column":12}},"18":{"start":{"line":45,"column":6},"end":{"line":47,"column":7}},"19":{"start":{"line":46,"column":8},"end":{"line":46,"column":93}},"20":{"start":{"line":49,"column":6},"end":{"line":54,"column":7}},"21":{"start":{"line":50,"column":8},"end":{"line":53,"column":10}},"22":{"start":{"line":56,"column":6},"end":{"line":58,"column":7}},"23":{"start":{"line":57,"column":8},"end":{"line":57,"column":94}},"24":{"start":{"line":60,"column":6},"end":{"line":62,"column":7}},"25":{"start":{"line":61,"column":8},"end":{"line":61,"column":96}},"26":{"start":{"line":64,"column":6},"end":{"line":66,"column":7}},"27":{"start":{"line":65,"column":8},"end":{"line":65,"column":102}},"28":{"start":{"line":69,"column":4},"end":{"line":69,"column":68}},"29":{"start":{"line":71,"column":2},"end":{"line":71,"column":21}}},"fnMap":{"0":{"name":"(anonymous_0)","decl":{"start":{"line":10,"column":17},"end":{"line":10,"column":18}},"loc":{"start":{"line":11,"column":2},"end":{"line":11,"column":50}},"line":11},"1":{"name":"(anonymous_1)","decl":{"start":{"line":15,"column":18},"end":{"line":15,"column":19}},"loc":{"start":{"line":15,"column":29},"end":{"line":15,"column":49}},"line":15},"2":{"name":"(anonymous_2)","decl":{"start":{"line":17,"column":18},"end":{"line":17,"column":19}},"loc":{"start":{"line":17,"column":36},"end":{"line":24,"column":1}},"line":17},"3":{"name":"(anonymous_3)","decl":{"start":{"line":22,"column":9},"end":{"line":22,"column":10}},"loc":{"start":{"line":22,"column":18},"end":{"line":22,"column":72}},"line":22},"4":{"name":"(anonymous_4)","decl":{"start":{"line":26,"column":15},"end":{"line":26,"column":16}},"loc":{"start":{"line":26,"column":45},"end":{"line":72,"column":1}},"line":26},"5":{"name":"(anonymous_5)","decl":{"start":{"line":35,"column":17},"end":{"line":35,"column":18}},"loc":{"start":{"line":35,"column":38},"end":{"line":70,"column":3}},"line":35},"6":{"name":"(anonymous_6)","decl":{"start":{"line":36,"column":28},"end":{"line":36,"column":29}},"loc":{"start":{"line":36,"column":36},"end":{"line":67,"column":5}},"line":36}},"branchMap":{"0":{"loc":{"start":{"line":18,"column":2},"end":{"line":20,"column":3}},"type":"if","locations":[{"start":{"line":18,"column":2},"end":{"line":20,"column":3}},{"start":{"line":18,"column":2},"end":{"line":20,"column":3}}],"line":18},"1":{"loc":{"start":{"line":35,"column":24},"end":{"line":35,"column":33}},"type":"default-arg","locations":[{"start":{"line":35,"column":32},"end":{"line":35,"column":33}}],"line":35},"2":{"loc":{"start":{"line":45,"column":6},"end":{"line":47,"column":7}},"type":"if","locations":[{"start":{"line":45,"column":6},"end":{"line":47,"column":7}},{"start":{"line":45,"column":6},"end":{"line":47,"column":7}}],"line":45},"3":{"loc":{"start":{"line":49,"column":6},"end":{"line":54,"column":7}},"type":"if","locations":[{"start":{"line":49,"column":6},"end":{"line":54,"column":7}},{"start":{"line":49,"column":6},"end":{"line":54,"column":7}}],"line":49},"4":{"loc":{"start":{"line":56,"column":6},"end":{"line":58,"column":7}},"type":"if","locations":[{"start":{"line":56,"column":6},"end":{"line":58,"column":7}},{"start":{"line":56,"column":6},"end":{"line":58,"column":7}}],"line":56},"5":{"loc":{"start":{"line":60,"column":6},"end":{"line":62,"column":7}},"type":"if","locations":[{"start":{"line":60,"column":6},"end":{"line":62,"column":7}},{"start":{"line":60,"column":6},"end":{"line":62,"column":7}}],"line":60},"6":{"loc":{"start":{"line":64,"column":6},"end":{"line":66,"column":7}},"type":"if","locations":[{"start":{"line":64,"column":6},"end":{"line":66,"column":7}},{"start":{"line":64,"column":6},"end":{"line":66,"column":7}}],"line":64}},"s":{"0":1,"1":6,"2":1,"3":1,"4":99,"5":1,"6":48,"7":33,"8":15,"9":15,"10":3,"11":3,"12":3,"13":3,"14":3,"15":3,"16":12,"17":48,"18":48,"19":15,"20":33,"21":9,"22":24,"23":6,"24":18,"25":9,"26":9,"27":9,"28":12,"29":3},"f":{"0":6,"1":99,"2":48,"3":15,"4":3,"5":12,"6":48},"b":{"0":[33,15],"1":[3],"2":[15,33],"3":[9,24],"4":[6,18],"5":[9,9],"6":[9,0]},"_coverageSchema":"43e27e138ebf9cfc5966b082cf9a028302ed4184","hash":"9ca776ddfdbaf574174a2f18773f72029fa31c5b"}
,"/Users/ilya.schutskiy/projects/backend-project-lvl2/src/parsers.js": {"path":"/Users/ilya.schutskiy/projects/backend-project-lvl2/src/parsers.js","statementMap":{"0":{"start":{"line":4,"column":16},"end":{"line":12,"column":1}},"1":{"start":{"line":5,"column":18},"end":{"line":9,"column":3}},"2":{"start":{"line":11,"column":2},"end":{"line":11,"column":31}}},"fnMap":{"0":{"name":"(anonymous_0)","decl":{"start":{"line":4,"column":16},"end":{"line":4,"column":17}},"loc":{"start":{"line":4,"column":34},"end":{"line":12,"column":1}},"line":4}},"branchMap":{},"s":{"0":1,"1":6,"2":6},"f":{"0":6},"b":{},"_coverageSchema":"43e27e138ebf9cfc5966b082cf9a028302ed4184","hash":"8b7c2abd76815d200d04c3ff0d424628042c9544"}
}
