{"/Users/ilya.schutskiy/projects/backend-project-lvl2/src/index.js": {"path":"/Users/ilya.schutskiy/projects/backend-project-lvl2/src/index.js","statementMap":{"0":{"start":{"line":8,"column":16},"end":{"line":8,"column":53}},"1":{"start":{"line":9,"column":16},"end":{"line":9,"column":53}},"2":{"start":{"line":11,"column":21},"end":{"line":11,"column":38}},"3":{"start":{"line":12,"column":21},"end":{"line":12,"column":38}},"4":{"start":{"line":14,"column":20},"end":{"line":14,"column":43}},"5":{"start":{"line":15,"column":20},"end":{"line":15,"column":43}},"6":{"start":{"line":17,"column":20},"end":{"line":17,"column":47}},"7":{"start":{"line":19,"column":21},"end":{"line":34,"column":4}},"8":{"start":{"line":20,"column":4},"end":{"line":25,"column":5}},"9":{"start":{"line":21,"column":6},"end":{"line":23,"column":7}},"10":{"start":{"line":22,"column":8},"end":{"line":22,"column":43}},"11":{"start":{"line":24,"column":6},"end":{"line":24,"column":87}},"12":{"start":{"line":27,"column":4},"end":{"line":29,"column":5}},"13":{"start":{"line":28,"column":6},"end":{"line":28,"column":43}},"14":{"start":{"line":31,"column":4},"end":{"line":33,"column":5}},"15":{"start":{"line":32,"column":6},"end":{"line":32,"column":43}},"16":{"start":{"line":35,"column":2},"end":{"line":35,"column":46}}},"fnMap":{"0":{"name":"(anonymous_0)","decl":{"start":{"line":7,"column":15},"end":{"line":7,"column":16}},"loc":{"start":{"line":7,"column":45},"end":{"line":36,"column":1}},"line":7},"1":{"name":"(anonymous_1)","decl":{"start":{"line":19,"column":35},"end":{"line":19,"column":36}},"loc":{"start":{"line":19,"column":43},"end":{"line":34,"column":3}},"line":19}},"branchMap":{"0":{"loc":{"start":{"line":20,"column":4},"end":{"line":25,"column":5}},"type":"if","locations":[{"start":{"line":20,"column":4},"end":{"line":25,"column":5}},{"start":{"line":20,"column":4},"end":{"line":25,"column":5}}],"line":20},"1":{"loc":{"start":{"line":20,"column":8},"end":{"line":20,"column":50}},"type":"binary-expr","locations":[{"start":{"line":20,"column":8},"end":{"line":20,"column":27}},{"start":{"line":20,"column":31},"end":{"line":20,"column":50}}],"line":20},"2":{"loc":{"start":{"line":21,"column":6},"end":{"line":23,"column":7}},"type":"if","locations":[{"start":{"line":21,"column":6},"end":{"line":23,"column":7}},{"start":{"line":21,"column":6},"end":{"line":23,"column":7}}],"line":21},"3":{"loc":{"start":{"line":27,"column":4},"end":{"line":29,"column":5}},"type":"if","locations":[{"start":{"line":27,"column":4},"end":{"line":29,"column":5}},{"start":{"line":27,"column":4},"end":{"line":29,"column":5}}],"line":27},"4":{"loc":{"start":{"line":27,"column":8},"end":{"line":27,"column":51}},"type":"binary-expr","locations":[{"start":{"line":27,"column":8},"end":{"line":27,"column":28}},{"start":{"line":27,"column":32},"end":{"line":27,"column":51}}],"line":27},"5":{"loc":{"start":{"line":31,"column":4},"end":{"line":33,"column":5}},"type":"if","locations":[{"start":{"line":31,"column":4},"end":{"line":33,"column":5}},{"start":{"line":31,"column":4},"end":{"line":33,"column":5}}],"line":31},"6":{"loc":{"start":{"line":31,"column":8},"end":{"line":31,"column":51}},"type":"binary-expr","locations":[{"start":{"line":31,"column":8},"end":{"line":31,"column":27}},{"start":{"line":31,"column":31},"end":{"line":31,"column":51}}],"line":31}},"s":{"0":1,"1":1,"2":1,"3":1,"4":1,"5":1,"6":1,"7":1,"8":5,"9":2,"10":1,"11":1,"12":3,"13":1,"14":2,"15":2,"16":1},"f":{"0":1,"1":5},"b":{"0":[2,3],"1":[5,4],"2":[1,1],"3":[1,2],"4":[3,1],"5":[2,0],"6":[2,2]},"_coverageSchema":"43e27e138ebf9cfc5966b082cf9a028302ed4184","hash":"3edae7b44d204f75093c6952a4ab9139307e6ff4"}
}
