TN:
SF:/Users/ilya.schutskiy/projects/backend-project-lvl2/src/buildAst.js
FN:6,(anonymous_0)
FN:14,(anonymous_1)
FN:17,(anonymous_2)
FNF:3
FNH:3
FNDA:48,(anonymous_0)
FNDA:12,(anonymous_1)
FNDA:48,(anonymous_2)
DA:6,48
DA:14,1
DA:15,12
DA:17,12
DA:18,48
DA:19,9
DA:28,39
DA:29,15
DA:38,24
DA:39,6
DA:48,18
DA:49,9
DA:58,9
DA:59,9
LF:14
LH:14
BRDA:18,0,0,9
BRDA:18,0,1,39
BRDA:18,1,0,48
BRDA:18,1,1,15
BRDA:28,2,0,15
BRDA:28,2,1,24
BRDA:38,3,0,6
BRDA:38,3,1,18
BRDA:48,4,0,9
BRDA:48,4,1,9
BRDA:58,5,0,9
BRDA:58,5,1,0
BRF:12
BRH:11
end_of_record
TN:
SF:/Users/ilya.schutskiy/projects/backend-project-lvl2/src/index.js
FN:10,(anonymous_0)
FN:15,(anonymous_1)
FN:17,(anonymous_2)
FN:22,(anonymous_3)
FN:26,(anonymous_4)
FN:35,(anonymous_5)
FN:36,(anonymous_6)
FNF:7
FNH:7
FNDA:6,(anonymous_0)
FNDA:99,(anonymous_1)
FNDA:48,(anonymous_2)
FNDA:15,(anonymous_3)
FNDA:3,(anonymous_4)
FNDA:12,(anonymous_5)
FNDA:48,(anonymous_6)
DA:10,1
DA:11,6
DA:14,1
DA:15,99
DA:17,1
DA:18,48
DA:19,33
DA:21,15
DA:22,15
DA:27,3
DA:28,3
DA:30,3
DA:31,3
DA:33,3
DA:35,3
DA:36,12
DA:43,48
DA:45,48
DA:46,15
DA:49,33
DA:50,9
DA:56,24
DA:57,6
DA:60,18
DA:61,9
DA:64,9
DA:65,9
DA:69,12
DA:71,3
LF:29
LH:29
BRDA:18,0,0,33
BRDA:18,0,1,15
BRDA:35,1,0,3
BRDA:45,2,0,15
BRDA:45,2,1,33
BRDA:49,3,0,9
BRDA:49,3,1,24
BRDA:56,4,0,6
BRDA:56,4,1,18
BRDA:60,5,0,9
BRDA:60,5,1,9
BRDA:64,6,0,9
BRDA:64,6,1,0
BRF:13
BRH:12
end_of_record
TN:
SF:/Users/ilya.schutskiy/projects/backend-project-lvl2/src/parsers.js
FN:4,(anonymous_0)
FNF:1
FNH:1
FNDA:6,(anonymous_0)
DA:4,1
DA:5,6
DA:11,6
LF:3
LH:3
BRF:0
BRH:0
end_of_record
