TN:
SF:/Users/ilya.schutskiy/projects/backend-project-lvl2/src/index.js
FN:7,(anonymous_0)
FN:19,(anonymous_1)
FNF:2
FNH:2
FNDA:1,(anonymous_0)
FNDA:5,(anonymous_1)
DA:8,1
DA:9,1
DA:11,1
DA:12,1
DA:14,1
DA:15,1
DA:17,1
DA:19,1
DA:20,5
DA:21,2
DA:22,1
DA:24,1
DA:27,3
DA:28,1
DA:31,2
DA:32,2
DA:35,1
LF:17
LH:17
BRDA:20,0,0,2
BRDA:20,0,1,3
BRDA:20,1,0,5
BRDA:20,1,1,4
BRDA:21,2,0,1
BRDA:21,2,1,1
BRDA:27,3,0,1
BRDA:27,3,1,2
BRDA:27,4,0,3
BRDA:27,4,1,1
BRDA:31,5,0,2
BRDA:31,5,1,0
BRDA:31,6,0,2
BRDA:31,6,1,2
BRF:14
BRH:13
end_of_record
